{"/home/wangfan/projects/playwright-record-and-mock/src/helper.ts": {"path":"/home/wangfan/projects/playwright-record-and-mock/src/helper.ts","all":false,"statementMap":{"0":{"start":{"line":1,"column":0},"end":{"line":1,"column":91}},"1":{"start":{"line":2,"column":0},"end":{"line":2,"column":0}},"2":{"start":{"line":3,"column":0},"end":{"line":3,"column":87}}},"s":{"0":1,"1":1,"2":1},"branchMap":{"0":{"type":"branch","line":1,"loc":{"start":{"line":1,"column":31},"end":{"line":1,"column":62}},"locations":[{"start":{"line":1,"column":31},"end":{"line":1,"column":62}}]},"1":{"type":"branch","line":3,"loc":{"start":{"line":3,"column":33},"end":{"line":3,"column":61}},"locations":[{"start":{"line":3,"column":33},"end":{"line":3,"column":61}}]}},"b":{"0":[1],"1":[1]},"fnMap":{"0":{"name":"encodeToBase64","decl":{"start":{"line":1,"column":31},"end":{"line":1,"column":62}},"loc":{"start":{"line":1,"column":31},"end":{"line":1,"column":62}},"line":1},"1":{"name":"decodeFromBase64","decl":{"start":{"line":3,"column":33},"end":{"line":3,"column":61}},"loc":{"start":{"line":3,"column":33},"end":{"line":3,"column":61}},"line":3}},"f":{"0":1,"1":1}}
}
